[0m[[0m[0mdebug[0m] [0m[0m> Exec(__runWatch console0, Some(99d1ab47-3684-4f9c-a92d-7c3f377dc96d), Some(CommandSource(console0)))[0m
[0m[[0m[0mdebug[0m] [0m[0m> Exec(sbtStashOnFailure, None, Some(CommandSource(console0)))[0m
[0m[[0m[0mdebug[0m] [0m[0m> Exec(__preWatch console0, None, Some(CommandSource(console0)))[0m
[0m[[0m[0mdebug[0m] [0m[0m> Exec(run, None, Some(CommandSource(console0)))[0m
[0m[[0m[0mdebug[0m] [0m[0mEvaluating tasks: Compile / run[0m
[0m[[0m[0mdebug[0m] [0m[0mRunning task... Cancel: Signal, check cycles: false, forcegc: true[0m
[0m[[0m[0minfo[0m] [0m[0mcompiling 1 Scala source to /home/ayomide/OneDrive/MARL_git/z_test/hello_world/target/scala-2.13/classes ...[0m
[0m[[0m[31merror[0m] [0m[0m/home/ayomide/OneDrive/MARL_git/z_test/hello_world/src/main/scala/Main.scala:4:1: expected class or object definition[0m
[0m[[0m[31merror[0m] [0m[0mval futureList: Future[List[Int]] = Future { List(1, 2, 3, 4) }[0m
[0m[[0m[31merror[0m] [0m[0m^[0m
[0m[[0m[31merror[0m] [0m[0m/home/ayomide/OneDrive/MARL_git/z_test/hello_world/src/main/scala/Main.scala:6:1: expected class or object definition[0m
[0m[[0m[31merror[0m] [0m[0mval futureSum: Future[Int] = futureList.map { list =>[0m
[0m[[0m[31merror[0m] [0m[0m^[0m
[0m[[0m[31merror[0m] [0m[0mtwo errors found[0m
[0m[[0m[31merror[0m] [0m[0m(Compile / [31mcompileIncremental[0m) Compilation failed[0m
[0m[[0m[31merror[0m] [0m[0mTotal time: 0 s, completed 3 Jun 2024, 23:29:01[0m
[0m[[0m[0mdebug[0m] [0m[0m> Exec(resumeFromFailure, None, Some(CommandSource(console0)))[0m
[0m[[0m[0mdebug[0m] [0m[0m> Exec(sbtPopOnFailure, None, Some(CommandSource(console0)))[0m
[0m[[0m[0mdebug[0m] [0m[0m> Exec(__postWatch console0, None, Some(CommandSource(console0)))[0m
[0m[[0m[0mdebug[0m] [0m[0m> Exec(resumeFromFailure, None, None)[0m
[0m[[0m[0mdebug[0m] [0m[0m> Exec(__waitWatch console0, None, None)[0m
