[0m[[0m[0mdebug[0m] [0m[0m> Exec(__runWatch console0, Some(70c8651e-b1a1-40d7-a992-e36004ebf096), Some(CommandSource(console0)))[0m
[0m[[0m[0mdebug[0m] [0m[0m> Exec(sbtStashOnFailure, None, Some(CommandSource(console0)))[0m
[0m[[0m[0mdebug[0m] [0m[0m> Exec(__preWatch console0, None, Some(CommandSource(console0)))[0m
[0m[[0m[0mdebug[0m] [0m[0m> Exec(run, None, Some(CommandSource(console0)))[0m
[0m[[0m[0mdebug[0m] [0m[0mEvaluating tasks: Compile / run[0m
[0m[[0m[0mdebug[0m] [0m[0mRunning task... Cancel: Signal, check cycles: false, forcegc: true[0m
[0m[[0m[0minfo[0m] [0m[0mcompiling 1 Scala source to /home/ayomide/OneDrive/MARL_git/z_test/hello_world/target/scala-2.13/classes ...[0m
[0m[[0m[31merror[0m] [0m[0m/home/ayomide/OneDrive/MARL_git/z_test/hello_world/src/main/scala/Main.scala:2:1: expected class or object definition[0m
[0m[[0m[31merror[0m] [0m[0mval forkJoinPool: ExecutorService = new ForkJoinPool(4)[0m
[0m[[0m[31merror[0m] [0m[0m^[0m
[0m[[0m[31merror[0m] [0m[0m/home/ayomide/OneDrive/MARL_git/z_test/hello_world/src/main/scala/Main.scala:3:10: expected start of definition[0m
[0m[[0m[31merror[0m] [0m[0mimplicit val forkJoinExecutionContext: ExecutionContext = [0m
[0m[[0m[31merror[0m] [0m[0m         ^[0m
[0m[[0m[31merror[0m] [0m[0m/home/ayomide/OneDrive/MARL_git/z_test/hello_world/src/main/scala/Main.scala:6:1: expected class or object definition[0m
[0m[[0m[31merror[0m] [0m[0mval singleThread: Executor = Executors.newSingleThreadExecutor()[0m
[0m[[0m[31merror[0m] [0m[0m^[0m
[0m[[0m[31merror[0m] [0m[0m/home/ayomide/OneDrive/MARL_git/z_test/hello_world/src/main/scala/Main.scala:7:10: expected start of definition[0m
[0m[[0m[31merror[0m] [0m[0mimplicit val singleThreadExecutionContext: ExecutionContext = [0m
[0m[[0m[31merror[0m] [0m[0m         ^[0m
[0m[[0m[31merror[0m] [0m[0m/home/ayomide/OneDrive/MARL_git/z_test/hello_world/src/main/scala/Main.scala:10:10: expected start of definition[0m
[0m[[0m[31merror[0m] [0m[0mimplicit val globalExecutionContext: ExecutionContext = ExecutionContext.global[0m
[0m[[0m[31merror[0m] [0m[0m         ^[0m
[0m[[0m[31merror[0m] [0m[0m/home/ayomide/OneDrive/MARL_git/z_test/hello_world/src/main/scala/Main.scala:12:1: expected class or object definition[0m
[0m[[0m[31merror[0m] [0m[0mdef generateMagicNumber(): Int = {[0m
[0m[[0m[31merror[0m] [0m[0m^[0m
[0m[[0m[31merror[0m] [0m[0m/home/ayomide/OneDrive/MARL_git/z_test/hello_world/src/main/scala/Main.scala:16:1: expected class or object definition[0m
[0m[[0m[31merror[0m] [0m[0mval generatedMagicNumberF: Future[Int] = Future {[0m
[0m[[0m[31merror[0m] [0m[0m^[0m
[0m[[0m[31merror[0m] [0m[0m7 errors found[0m
[0m[[0m[0mdebug[0m] [0m[0mForcing garbage collection...[0m
[0m[[0m[31merror[0m] [0m[0m(Compile / [31mcompileIncremental[0m) Compilation failed[0m
[0m[[0m[31merror[0m] [0m[0mTotal time: 0 s, completed 3 Jun 2024, 23:35:52[0m
[0m[[0m[0mdebug[0m] [0m[0m> Exec(resumeFromFailure, None, Some(CommandSource(console0)))[0m
[0m[[0m[0mdebug[0m] [0m[0m> Exec(sbtPopOnFailure, None, Some(CommandSource(console0)))[0m
[0m[[0m[0mdebug[0m] [0m[0m> Exec(__postWatch console0, None, Some(CommandSource(console0)))[0m
[0m[[0m[0mdebug[0m] [0m[0m> Exec(resumeFromFailure, None, None)[0m
[0m[[0m[0mdebug[0m] [0m[0m> Exec(__waitWatch console0, None, None)[0m
[0m[[0m[0minfo[0m] [0m[0mshutting down sbt server[0m
